2023-07-15 15:47:31 Loading main app package /usr/lib/obsidian/obsidian.asar
2023-07-15 15:47:31 Checking for update using Github
2023-07-15 15:47:31 Success.
2023-07-15 15:47:31 Latest version is 1.3.5
2023-07-15 15:47:31 App is up to date.
2023-07-15 18:32:15 Loading main app package /usr/lib/obsidian/obsidian.asar
2023-07-15 18:32:16 Checking for update using Github
2023-07-15 18:32:16 Success.
2023-07-15 18:32:16 Latest version is 1.3.5
2023-07-15 18:32:16 App is up to date.
2023-07-15 19:32:16 Checking for update using Github
2023-07-15 19:32:16 Success.
2023-07-15 19:32:16 Latest version is 1.3.5
2023-07-15 19:32:16 App is up to date.
2023-07-15 20:32:16 Checking for update using Github
2023-07-15 20:32:16 Success.
2023-07-15 20:32:16 Latest version is 1.3.5
2023-07-15 20:32:16 App is up to date.
2023-07-15 22:10:33 Loading main app package /usr/lib/obsidian/obsidian.asar
2023-07-15 22:10:34 Checking for update using Github
2023-07-15 22:10:34 Success.
2023-07-15 22:10:34 Latest version is 1.3.5
2023-07-15 22:10:34 App is up to date.
2023-07-15 22:33:31 Loading main app package /usr/lib/obsidian/obsidian.asar
2023-07-15 22:33:32 Checking for update using Github
2023-07-15 22:33:33 Success.
2023-07-15 22:33:33 Latest version is 1.3.5
2023-07-15 22:33:33 App is up to date.
